0 info it worked if it ends with ok
1 verbose cli [ '/usr/local/Cellar/node/4.1.1/bin/node',
1 verbose cli   '/usr/local/bin/npm',
1 verbose cli   'start' ]
2 info using npm@3.3.5
3 info using node@v4.1.1
4 verbose run-script [ 'prestart', 'start', 'poststart' ]
5 info lifecycle cryptosync@0.0.1~prestart: cryptosync@0.0.1
6 silly lifecycle cryptosync@0.0.1~prestart: no script for prestart, continuing
7 info lifecycle cryptosync@0.0.1~start: cryptosync@0.0.1
8 verbose lifecycle cryptosync@0.0.1~start: unsafe-perm in lifecycle true
9 verbose lifecycle cryptosync@0.0.1~start: PATH: /usr/local/lib/node_modules/npm/bin/node-gyp-bin:/Users/HR/GitHub/CryptoSync/node_modules/.bin:/usr/local/bin:/usr/bin:/bin:/usr/sbin:/sbin:/opt/X11/bin:/Library/TeX/texbin
10 verbose lifecycle cryptosync@0.0.1~start: CWD: /Users/HR/GitHub/CryptoSync
11 silly lifecycle cryptosync@0.0.1~start: Args: [ '-c', 'electron .' ]
12 silly lifecycle cryptosync@0.0.1~start: Returned: code: 1  signal: null
13 info lifecycle cryptosync@0.0.1~start: Failed to exec start script
14 verbose stack Error: cryptosync@0.0.1 start: `electron .`
14 verbose stack Exit status 1
14 verbose stack     at EventEmitter.<anonymous> (/usr/local/lib/node_modules/npm/lib/utils/lifecycle.js:233:16)
14 verbose stack     at emitTwo (events.js:87:13)
14 verbose stack     at EventEmitter.emit (events.js:172:7)
14 verbose stack     at ChildProcess.<anonymous> (/usr/local/lib/node_modules/npm/lib/utils/spawn.js:24:14)
14 verbose stack     at emitTwo (events.js:87:13)
14 verbose stack     at ChildProcess.emit (events.js:172:7)
14 verbose stack     at maybeClose (internal/child_process.js:817:16)
14 verbose stack     at Process.ChildProcess._handle.onexit (internal/child_process.js:211:5)
15 verbose pkgid cryptosync@0.0.1
16 verbose cwd /Users/HR/GitHub/CryptoSync
17 error Darwin 15.0.0
18 error argv "/usr/local/Cellar/node/4.1.1/bin/node" "/usr/local/bin/npm" "start"
19 error node v4.1.1
20 error npm  v3.3.5
21 error code ELIFECYCLE
22 error cryptosync@0.0.1 start: `electron .`
22 error Exit status 1
23 error Failed at the cryptosync@0.0.1 start script 'electron .'.
23 error This is most likely a problem with the cryptosync package,
23 error not with npm itself.
23 error Tell the author that this fails on your system:
23 error     electron .
23 error You can get their info via:
23 error     npm owner ls cryptosync
23 error There is likely additional logging output above.
24 verbose exit [ 1, true ]
